<?xml version="1.0" encoding="UTF-8"?>
<!-- Generated by org.testng.reporters.JUnitXMLReporter -->
<testsuite ignored="0" hostname="DESKTOP-Q4TLVFB" failures="1" tests="5" name="Test" time="140.695" errors="0" timestamp="2021-10-04T15:19:19 IST">
  <testcase classname="oct4_ExtentReporting.ContactUs" name="ContactUsTest001" time="13.102"/>
  <testcase classname="oct4_ExtentReporting.ContactUs" name="ContactUsTest002" time="11.818"/>
  <testcase classname="oct4_ExtentReporting.ContactUs" name="ContactUsTest003" time="8.961">
    <failure type="java.lang.AssertionError" message="expected [true] but found [false]">
      <![CDATA[java.lang.AssertionError: expected [true] but found [false]
at oct4_ExtentReporting.ContactUs.ContactUsTest003(ContactUs.java:90)
at java.base/java.util.ArrayList.forEach(ArrayList.java:1511)
... Removed 31 stack frames]]>
    </failure>
  </testcase> <!-- ContactUsTest003 -->
  <testcase classname="oct4_ExtentReporting.ContactUs" name="ContactUsTest004" time="10.572"/>
  <testcase classname="oct4_ExtentReporting.ContactUs" name="ContactUsTest005" time="10.818"/>
</testsuite> <!-- Test -->
